<?xml version="1.0" encoding="UTF-8"?>
<coverage generated="1663544908221" clover="3.2.0">
  <project timestamp="1663544908221" name="All files">
    <metrics statements="18" coveredstatements="15" conditionals="10" coveredconditionals="6" methods="5" coveredmethods="5" elements="33" coveredelements="26" complexity="0" loc="18" ncloc="18" packages="2" files="2" classes="2"/>
    <package name="class_demo">
      <metrics statements="13" coveredstatements="10" conditionals="10" coveredconditionals="6" methods="3" coveredmethods="3"/>
      <file name="textValidation.js" path="/Users/stephaniejones/Desktop/jest_lesson_and_assignment/class_demo/textValidation.js">
        <metrics statements="13" coveredstatements="10" conditionals="10" coveredconditionals="6" methods="3" coveredmethods="3"/>
        <line num="1" count="1" type="stmt"/>
        <line num="2" count="1" type="stmt"/>
        <line num="5" count="1" type="stmt"/>
        <line num="6" count="2" type="cond" truecount="2" falsecount="2"/>
        <line num="8" count="0" type="stmt"/>
        <line num="10" count="2" type="cond" truecount="1" falsecount="1"/>
        <line num="11" count="0" type="stmt"/>
        <line num="14" count="2" type="stmt"/>
        <line num="17" count="1" type="stmt"/>
        <line num="18" count="1" type="cond" truecount="3" falsecount="1"/>
        <line num="19" count="0" type="stmt"/>
        <line num="21" count="1" type="stmt"/>
        <line num="24" count="1" type="stmt"/>
      </file>
    </package>
    <package name="group_exercises">
      <metrics statements="5" coveredstatements="5" conditionals="0" coveredconditionals="0" methods="2" coveredmethods="2"/>
      <file name="searchFilter.js" path="/Users/stephaniejones/Desktop/jest_lesson_and_assignment/group_exercises/searchFilter.js">
        <metrics statements="5" coveredstatements="5" conditionals="0" coveredconditionals="0" methods="2" coveredmethods="2"/>
        <line num="1" count="1" type="stmt"/>
        <line num="8" count="2" type="stmt"/>
        <line num="9" count="6" type="stmt"/>
        <line num="12" count="1" type="stmt"/>
        <line num="14" count="1" type="stmt"/>
      </file>
    </package>
  </project>
</coverage>
