TN:
SF:class_demo/textValidation.js
FN:1,(anonymous_0)
FN:5,(anonymous_1)
FN:17,(anonymous_2)
FNF:3
FNH:3
FNDA:1,(anonymous_0)
FNDA:2,(anonymous_1)
FNDA:1,(anonymous_2)
DA:1,1
DA:2,1
DA:5,1
DA:6,2
DA:8,0
DA:10,2
DA:11,0
DA:14,2
DA:17,1
DA:18,1
DA:19,0
DA:21,1
DA:24,1
LF:13
LH:10
BRDA:6,0,0,0
BRDA:6,0,1,2
BRDA:6,1,0,2
BRDA:6,1,1,0
BRDA:10,2,0,0
BRDA:10,2,1,2
BRDA:18,3,0,0
BRDA:18,3,1,1
BRDA:18,4,0,1
BRDA:18,4,1,1
BRF:10
BRH:6
end_of_record
TN:
SF:group_exercises/searchFilter.js
FN:7,filterByTerm
FN:8,(anonymous_1)
FNF:2
FNH:2
FNDA:2,filterByTerm
FNDA:6,(anonymous_1)
DA:1,1
DA:8,2
DA:9,6
DA:12,1
DA:14,1
LF:5
LH:5
BRF:0
BRH:0
end_of_record
